2021-04-12 11:06:44 [scrapy.utils.log] INFO: Scrapy 2.4.1 started (bot: general)
2021-04-12 11:06:44 [scrapy.utils.log] INFO: Versions: lxml 4.6.2.0, libxml2 2.9.10, cssselect 1.1.0, parsel 1.6.0, w3lib 1.22.0, Twisted 21.2.0, Python 3.9.2 (default, Feb 20 2021, 18:40:11) - [GCC 10.2.0], pyOpenSSL 20.0.1 (OpenSSL 1.1.1j  16 Feb 2021), cryptography 3.4.6, Platform Linux-5.4.108-1-MANJARO-x86_64-with-glibc2.33
2021-04-12 11:06:44 [scrapy.utils.log] DEBUG: Using reactor: twisted.internet.epollreactor.EPollReactor
2021-04-12 11:06:44 [scrapy.crawler] INFO: Overridden settings:
{'BOT_NAME': 'general',
 'CONCURRENT_REQUESTS': 1,
 'DUPEFILTER_CLASS': 'scrapy.dupefilters.BaseDupeFilter',
 'EDITOR': '/usr/bin/nano',
 'LOG_FILE': 'scrapy.log',
 'NEWSPIDER_MODULE': 'general.spiders',
 'SPIDER_MODULES': ['general.spiders'],
 'USER_AGENT': 'Mozilla/5.0 (compatible; Googlebot/2.1; '
               '+http://www.google.com/bot.html)'}
2021-04-12 11:06:44 [scrapy.extensions.telnet] INFO: Telnet Password: eae767f91a6ffc33
2021-04-12 11:06:44 [scrapy.middleware] INFO: Enabled extensions:
['scrapy.extensions.corestats.CoreStats',
 'scrapy.extensions.telnet.TelnetConsole',
 'scrapy.extensions.memusage.MemoryUsage',
 'scrapy.extensions.feedexport.FeedExporter',
 'scrapy.extensions.logstats.LogStats']
2021-04-12 11:06:44 [scrapy.middleware] INFO: Enabled downloader middlewares:
['scrapy.downloadermiddlewares.httpauth.HttpAuthMiddleware',
 'scrapy.downloadermiddlewares.downloadtimeout.DownloadTimeoutMiddleware',
 'scrapy.downloadermiddlewares.defaultheaders.DefaultHeadersMiddleware',
 'scrapy.downloadermiddlewares.useragent.UserAgentMiddleware',
 'scrapy.downloadermiddlewares.retry.RetryMiddleware',
 'scrapy.downloadermiddlewares.redirect.MetaRefreshMiddleware',
 'scrapy.downloadermiddlewares.httpcompression.HttpCompressionMiddleware',
 'scrapy.downloadermiddlewares.redirect.RedirectMiddleware',
 'scrapy.downloadermiddlewares.cookies.CookiesMiddleware',
 'scrapy.downloadermiddlewares.httpproxy.HttpProxyMiddleware',
 'scrapy.downloadermiddlewares.stats.DownloaderStats']
2021-04-12 11:06:44 [scrapy.middleware] INFO: Enabled spider middlewares:
['scrapy.spidermiddlewares.httperror.HttpErrorMiddleware',
 'scrapy.spidermiddlewares.offsite.OffsiteMiddleware',
 'scrapy.spidermiddlewares.referer.RefererMiddleware',
 'scrapy.spidermiddlewares.urllength.UrlLengthMiddleware',
 'scrapy.spidermiddlewares.depth.DepthMiddleware']
2021-04-12 11:06:44 [scrapy.middleware] INFO: Enabled item pipelines:
[]
2021-04-12 11:06:44 [scrapy.core.engine] INFO: Spider opened
2021-04-12 11:06:44 [scrapy.extensions.logstats] INFO: Crawled 0 pages (at 0 pages/min), scraped 0 items (at 0 items/min)
2021-04-12 11:06:44 [scrapy.extensions.telnet] INFO: Telnet console listening on 127.0.0.1:6023
2021-04-12 11:06:45 [scrapy.downloadermiddlewares.redirect] DEBUG: Redirecting (301) to <GET https://www.chicagobooth.edu/faculty/directory/b/raghu-betina> from <GET http://www.chicagobooth.edu/faculty/directory/b/raghu-betina>
2021-04-12 11:06:47 [scrapy.core.engine] DEBUG: Crawled (200) <GET https://www.chicagobooth.edu/faculty/directory/b/raghu-betina> (referer: None)
2021-04-12 11:06:48 [scrapy.core.engine] DEBUG: Crawled (999) <GET https://www.linkedin.com/in/raghubetina> (referer: None)
2021-04-12 11:06:48 [scrapy.core.scraper] DEBUG: Scraped from <999 https://www.linkedin.com/in/raghubetina>
{'Name': ['Raghu Betina'], 'h2': ['Biography', 'Academic Areas', '2020 - 2021 Course Schedule', 'Explore', 'Other Offerings', '', 'Global Locations', '', 'Follow'], 'h3': ['No data'], 'h4': ['No data'], 'h5': ['No data'], 'h6': ['No data'], 'url': ', https://www.chicagobooth.edu/faculty/directory/b/raghu-betina'}
2021-04-12 11:06:48 [scrapy.downloadermiddlewares.redirect] DEBUG: Redirecting (301) to <GET https://www.chicagobooth.edu/faculty/directory/m/lil-mohan> from <GET http://www.chicagobooth.edu/faculty/directory/m/lil-mohan>
2021-04-12 11:06:48 [scrapy.core.engine] DEBUG: Crawled (200) <GET https://www.chicagobooth.edu/faculty/directory/m/lil-mohan> (referer: None)
2021-04-12 11:06:48 [scrapy.core.scraper] DEBUG: Scraped from <200 https://www.chicagobooth.edu/faculty/directory/m/lil-mohan>
{'Name': ['Lil Mohan'], 'h2': ['Biography', 'Academic Areas', '2020 - 2021 Course Schedule', 'Explore', 'Other Offerings', '', 'Global Locations', '', 'Follow'], 'h3': ['No data'], 'h4': ['No data'], 'h5': ['No data'], 'h6': ['No data'], 'url': ', https://www.chicagobooth.edu/faculty/directory/m/lil-mohan'}
2021-04-12 11:06:49 [scrapy.downloadermiddlewares.redirect] DEBUG: Redirecting (301) to <GET https://www.chicagobooth.edu/faculty/directory/p/radhika-puri> from <GET http://www.chicagobooth.edu/faculty/directory/p/radhika-puri>
2021-04-12 11:06:50 [scrapy.core.engine] DEBUG: Crawled (404) <GET https://www.chicagobooth.edu/faculty/directory/p/radhika-puri> (referer: None)
2021-04-12 11:06:50 [scrapy.core.scraper] DEBUG: Scraped from <404 https://www.chicagobooth.edu/faculty/directory/p/radhika-puri>
{'Name': ['No data'], 'h2': ['No data'], 'h3': ['No data'], 'h4': ['No data'], 'h5': ['No data'], 'h6': ['No data'], 'url': ', https://www.chicagobooth.edu/faculty/directory/p/radhika-puri'}
2021-04-12 11:06:51 [scrapy.core.engine] DEBUG: Crawled (200) <GET https://www.doximity.com/pub/syema-sheikh-md> (referer: https://www.chicagobooth.edu/faculty/directory/p/radhika-puri)
2021-04-12 11:06:52 [scrapy.core.engine] DEBUG: Crawled (404) <GET https://neurology.uchicago.edu/page/pgy-iv-residents> (referer: https://www.chicagobooth.edu/faculty/directory/p/radhika-puri)
2021-04-12 11:06:53 [scrapy.core.engine] DEBUG: Crawled (999) <GET https://www.linkedin.com/in/syema-sheikh-94669443> (referer: https://www.chicagobooth.edu/faculty/directory/p/radhika-puri)
2021-04-12 11:06:53 [scrapy.core.scraper] DEBUG: Scraped from <999 https://www.linkedin.com/in/syema-sheikh-94669443>
{'Name': ['Syema', 'Sheikh', 'MD'], 'h2': ['Dr. Sheikh\nis on Doximity', 'Education & Training', 'Certifications & Licensure', 'Hospital Affiliations', 'Viewing the full profile is available to verified healthcare professionals only.'], 'h3': ['No data'], 'h4': ['No data'], 'h5': ['No data'], 'h6': ['No data'], 'url': ', https://www.doximity.com/pub/syema-sheikh-md, https://neurology.uchicago.edu/page/pgy-iv-residents'}
2021-04-12 11:06:53 [scrapy.core.engine] DEBUG: Crawled (999) <GET https://www.linkedin.com/in/syema-sheikh-94669443> (referer: https://www.linkedin.com/in/syema-sheikh-94669443)
2021-04-12 11:06:53 [scrapy.core.scraper] ERROR: Spider error processing <GET https://www.linkedin.com/in/syema-sheikh-94669443> (referer: https://www.linkedin.com/in/syema-sheikh-94669443)
Traceback (most recent call last):
  File "/home/vikku/thesis/thesis/lib/python3.9/site-packages/scrapy/utils/defer.py", line 120, in iter_errback
    yield next(it)
  File "/home/vikku/thesis/thesis/lib/python3.9/site-packages/scrapy/utils/python.py", line 353, in __next__
    return next(self.data)
  File "/home/vikku/thesis/thesis/lib/python3.9/site-packages/scrapy/utils/python.py", line 353, in __next__
    return next(self.data)
  File "/home/vikku/thesis/thesis/lib/python3.9/site-packages/scrapy/core/spidermw.py", line 62, in _evaluate_iterable
    for r in iterable:
  File "/home/vikku/thesis/thesis/lib/python3.9/site-packages/scrapy/spidermiddlewares/offsite.py", line 29, in process_spider_output
    for x in result:
  File "/home/vikku/thesis/thesis/lib/python3.9/site-packages/scrapy/core/spidermw.py", line 62, in _evaluate_iterable
    for r in iterable:
  File "/home/vikku/thesis/thesis/lib/python3.9/site-packages/scrapy/spidermiddlewares/referer.py", line 340, in <genexpr>
    return (_set_referer(r) for r in result or ())
  File "/home/vikku/thesis/thesis/lib/python3.9/site-packages/scrapy/core/spidermw.py", line 62, in _evaluate_iterable
    for r in iterable:
  File "/home/vikku/thesis/thesis/lib/python3.9/site-packages/scrapy/spidermiddlewares/urllength.py", line 37, in <genexpr>
    return (r for r in result or () if _filter(r))
  File "/home/vikku/thesis/thesis/lib/python3.9/site-packages/scrapy/core/spidermw.py", line 62, in _evaluate_iterable
    for r in iterable:
  File "/home/vikku/thesis/thesis/lib/python3.9/site-packages/scrapy/spidermiddlewares/depth.py", line 58, in <genexpr>
    return (r for r in result or () if _filter(r))
  File "/home/vikku/thesis/thesis/lib/python3.9/site-packages/scrapy/core/spidermw.py", line 62, in _evaluate_iterable
    for r in iterable:
  File "/home/vikku/thesis/general/general/spiders/websites.py", line 44, in parse
    if self.row_urls[response.request.url.split("://")[1]] == False:
KeyError: 'www.linkedin.com/in/syema-sheikh-94669443'
2021-04-12 11:06:54 [scrapy.core.engine] DEBUG: Crawled (200) <GET https://www.doximity.com/pub/manisha-kak-md> (referer: https://www.linkedin.com/in/syema-sheikh-94669443)
2021-04-12 11:06:54 [scrapy.core.engine] DEBUG: Crawled (404) <GET https://neurology.uchicago.edu/page/residents-fellows> (referer: https://www.linkedin.com/in/syema-sheikh-94669443)
2021-04-12 11:06:54 [scrapy.core.scraper] DEBUG: Scraped from <404 https://neurology.uchicago.edu/page/residents-fellows>
{'Name': ['Manisha', 'Kak', 'MD'], 'h2': ['Dr. Kak\nis on Doximity', 'Education & Training', 'Certifications & Licensure', 'Publications & Presentations', 'Hospital Affiliations', 'Viewing the full profile is available to verified healthcare professionals only.'], 'h3': ['No data'], 'h4': ['No data'], 'h5': ['No data'], 'h6': ['No data'], 'url': ', https://www.doximity.com/pub/manisha-kak-md, https://neurology.uchicago.edu/page/residents-fellows'}
2021-04-12 11:06:55 [scrapy.core.engine] DEBUG: Crawled (404) <GET https://neurology.uchicago.edu/page/residents-fellows> (referer: https://neurology.uchicago.edu/page/residents-fellows)
2021-04-12 11:06:55 [scrapy.core.scraper] ERROR: Spider error processing <GET https://neurology.uchicago.edu/page/residents-fellows> (referer: https://neurology.uchicago.edu/page/residents-fellows)
Traceback (most recent call last):
  File "/home/vikku/thesis/thesis/lib/python3.9/site-packages/scrapy/utils/defer.py", line 120, in iter_errback
    yield next(it)
  File "/home/vikku/thesis/thesis/lib/python3.9/site-packages/scrapy/utils/python.py", line 353, in __next__
    return next(self.data)
  File "/home/vikku/thesis/thesis/lib/python3.9/site-packages/scrapy/utils/python.py", line 353, in __next__
    return next(self.data)
  File "/home/vikku/thesis/thesis/lib/python3.9/site-packages/scrapy/core/spidermw.py", line 62, in _evaluate_iterable
    for r in iterable:
  File "/home/vikku/thesis/thesis/lib/python3.9/site-packages/scrapy/spidermiddlewares/offsite.py", line 29, in process_spider_output
    for x in result:
  File "/home/vikku/thesis/thesis/lib/python3.9/site-packages/scrapy/core/spidermw.py", line 62, in _evaluate_iterable
    for r in iterable:
  File "/home/vikku/thesis/thesis/lib/python3.9/site-packages/scrapy/spidermiddlewares/referer.py", line 340, in <genexpr>
    return (_set_referer(r) for r in result or ())
  File "/home/vikku/thesis/thesis/lib/python3.9/site-packages/scrapy/core/spidermw.py", line 62, in _evaluate_iterable
    for r in iterable:
  File "/home/vikku/thesis/thesis/lib/python3.9/site-packages/scrapy/spidermiddlewares/urllength.py", line 37, in <genexpr>
    return (r for r in result or () if _filter(r))
  File "/home/vikku/thesis/thesis/lib/python3.9/site-packages/scrapy/core/spidermw.py", line 62, in _evaluate_iterable
    for r in iterable:
  File "/home/vikku/thesis/thesis/lib/python3.9/site-packages/scrapy/spidermiddlewares/depth.py", line 58, in <genexpr>
    return (r for r in result or () if _filter(r))
  File "/home/vikku/thesis/thesis/lib/python3.9/site-packages/scrapy/core/spidermw.py", line 62, in _evaluate_iterable
    for r in iterable:
  File "/home/vikku/thesis/general/general/spiders/websites.py", line 44, in parse
    if self.row_urls[response.request.url.split("://")[1]] == False:
KeyError: 'neurology.uchicago.edu/page/residents-fellows'
2021-04-12 11:06:55 [scrapy.core.engine] DEBUG: Crawled (200) <GET https://www.doximity.com/pub/anjali-gera-md> (referer: https://neurology.uchicago.edu/page/residents-fellows)
2021-04-12 11:06:55 [scrapy.core.engine] DEBUG: Crawled (404) <GET https://neurology.uchicago.edu/page/pgy-iv-residents> (referer: https://neurology.uchicago.edu/page/residents-fellows)
2021-04-12 11:06:55 [scrapy.core.scraper] DEBUG: Scraped from <404 https://neurology.uchicago.edu/page/pgy-iv-residents>
{'Name': ['Anjali', 'Gera', 'MD'], 'h2': ['Dr. Gera\nis on Doximity', 'Education & Training', 'Certifications & Licensure', 'Publications & Presentations', 'Hospital Affiliations', 'Viewing the full profile is available to verified healthcare professionals only.'], 'h3': ['No data'], 'h4': ['No data'], 'h5': ['No data'], 'h6': ['No data'], 'url': ', https://www.doximity.com/pub/anjali-gera-md, https://neurology.uchicago.edu/page/pgy-iv-residents'}
2021-04-12 11:06:56 [scrapy.downloadermiddlewares.redirect] DEBUG: Redirecting (301) to <GET https://psychiatry.uchicago.edu/people/psychiatry-graduates> from <GET https://psychiatry.uchicago.edu/directories/full/Adult-Residency-Graduates>
2021-04-12 11:06:57 [scrapy.core.engine] DEBUG: Crawled (200) <GET https://psychiatry.uchicago.edu/people/psychiatry-graduates> (referer: https://neurology.uchicago.edu/page/pgy-iv-residents)
2021-04-12 11:06:57 [scrapy.core.scraper] ERROR: Spider error processing <GET https://psychiatry.uchicago.edu/people/psychiatry-graduates> (referer: https://neurology.uchicago.edu/page/pgy-iv-residents)
Traceback (most recent call last):
  File "/home/vikku/thesis/thesis/lib/python3.9/site-packages/scrapy/utils/defer.py", line 120, in iter_errback
    yield next(it)
  File "/home/vikku/thesis/thesis/lib/python3.9/site-packages/scrapy/utils/python.py", line 353, in __next__
    return next(self.data)
  File "/home/vikku/thesis/thesis/lib/python3.9/site-packages/scrapy/utils/python.py", line 353, in __next__
    return next(self.data)
  File "/home/vikku/thesis/thesis/lib/python3.9/site-packages/scrapy/core/spidermw.py", line 62, in _evaluate_iterable
    for r in iterable:
  File "/home/vikku/thesis/thesis/lib/python3.9/site-packages/scrapy/spidermiddlewares/offsite.py", line 29, in process_spider_output
    for x in result:
  File "/home/vikku/thesis/thesis/lib/python3.9/site-packages/scrapy/core/spidermw.py", line 62, in _evaluate_iterable
    for r in iterable:
  File "/home/vikku/thesis/thesis/lib/python3.9/site-packages/scrapy/spidermiddlewares/referer.py", line 340, in <genexpr>
    return (_set_referer(r) for r in result or ())
  File "/home/vikku/thesis/thesis/lib/python3.9/site-packages/scrapy/core/spidermw.py", line 62, in _evaluate_iterable
    for r in iterable:
  File "/home/vikku/thesis/thesis/lib/python3.9/site-packages/scrapy/spidermiddlewares/urllength.py", line 37, in <genexpr>
    return (r for r in result or () if _filter(r))
  File "/home/vikku/thesis/thesis/lib/python3.9/site-packages/scrapy/core/spidermw.py", line 62, in _evaluate_iterable
    for r in iterable:
  File "/home/vikku/thesis/thesis/lib/python3.9/site-packages/scrapy/spidermiddlewares/depth.py", line 58, in <genexpr>
    return (r for r in result or () if _filter(r))
  File "/home/vikku/thesis/thesis/lib/python3.9/site-packages/scrapy/core/spidermw.py", line 62, in _evaluate_iterable
    for r in iterable:
  File "/home/vikku/thesis/general/general/spiders/websites.py", line 44, in parse
    if self.row_urls[response.request.url.split("://")[1]] == False:
KeyError: 'psychiatry.uchicago.edu/people/psychiatry-graduates'
2021-04-12 11:06:57 [scrapy.core.engine] DEBUG: Crawled (404) <GET https://psychiatry.uchicago.edu/directory/shoaib-memon-md> (referer: https://neurology.uchicago.edu/page/pgy-iv-residents)
2021-04-12 11:06:57 [scrapy.core.engine] INFO: Closing spider (finished)
2021-04-12 11:06:57 [scrapy.extensions.feedexport] INFO: Stored csv feed (6 items) in: final2.csv
2021-04-12 11:06:57 [scrapy.statscollectors] INFO: Dumping Scrapy stats:
{'downloader/request_bytes': 9977,
 'downloader/request_count': 19,
 'downloader/request_method_count/GET': 19,
 'downloader/response_bytes': 324017,
 'downloader/response_count': 19,
 'downloader/response_status_count/200': 6,
 'downloader/response_status_count/301': 4,
 'downloader/response_status_count/404': 6,
 'downloader/response_status_count/999': 3,
 'elapsed_time_seconds': 13.209017,
 'finish_reason': 'finished',
 'finish_time': datetime.datetime(2021, 4, 12, 5, 36, 57, 551101),
 'item_scraped_count': 6,
 'log_count/DEBUG': 25,
 'log_count/ERROR': 3,
 'log_count/INFO': 11,
 'memusage/max': 109113344,
 'memusage/startup': 109113344,
 'request_depth_max': 6,
 'response_received_count': 15,
 'scheduler/dequeued': 19,
 'scheduler/dequeued/memory': 19,
 'scheduler/enqueued': 19,
 'scheduler/enqueued/memory': 19,
 'spider_exceptions/KeyError': 3,
 'start_time': datetime.datetime(2021, 4, 12, 5, 36, 44, 342084)}
2021-04-12 11:06:57 [scrapy.core.engine] INFO: Spider closed (finished)
